0 info it worked if it ends with ok
1 verbose cli [ 'C:\\Program Files\\nodejs\\node.exe',
1 verbose cli   'C:\\Program Files\\nodejs\\node_modules\\npm\\bin\\npm-cli.js',
1 verbose cli   'run',
1 verbose cli   'compile:sass' ]
2 info using npm@3.10.10
3 info using node@v6.11.3
4 verbose config Skipping project config: C:\Users\danny/.npmrc. (matches userconfig)
5 verbose stack Error: missing script: compile:sass
5 verbose stack     at run (C:\Users\danny\AppData\Roaming\nvm\v6.11.3\node_modules\npm\lib\run-script.js:151:19)
5 verbose stack     at C:\Users\danny\AppData\Roaming\nvm\v6.11.3\node_modules\npm\lib\run-script.js:61:5
5 verbose stack     at C:\Users\danny\AppData\Roaming\nvm\v6.11.3\node_modules\npm\node_modules\read-package-json\read-json.js:356:5
5 verbose stack     at checkBinReferences_ (C:\Users\danny\AppData\Roaming\nvm\v6.11.3\node_modules\npm\node_modules\read-package-json\read-json.js:320:45)
5 verbose stack     at final (C:\Users\danny\AppData\Roaming\nvm\v6.11.3\node_modules\npm\node_modules\read-package-json\read-json.js:354:3)
5 verbose stack     at then (C:\Users\danny\AppData\Roaming\nvm\v6.11.3\node_modules\npm\node_modules\read-package-json\read-json.js:124:5)
5 verbose stack     at ReadFileContext.<anonymous> (C:\Users\danny\AppData\Roaming\nvm\v6.11.3\node_modules\npm\node_modules\read-package-json\read-json.js:295:20)
5 verbose stack     at ReadFileContext.callback (C:\Users\danny\AppData\Roaming\nvm\v6.11.3\node_modules\npm\node_modules\graceful-fs\graceful-fs.js:78:16)
5 verbose stack     at FSReqWrap.readFileAfterOpen [as oncomplete] (fs.js:367:13)
6 verbose cwd C:\Users\danny\Desktop\advanced-css-course-master
7 error Windows_NT 10.0.16299
8 error argv "C:\\Program Files\\nodejs\\node.exe" "C:\\Program Files\\nodejs\\node_modules\\npm\\bin\\npm-cli.js" "run" "compile:sass"
9 error node v6.11.3
10 error npm  v3.10.10
11 error missing script: compile:sass
12 error If you need help, you may report this error at:
12 error     <https://github.com/npm/npm/issues>
13 verbose exit [ 1, true ]
